     1                                  ;hello
     2                                  
     3                                  nil equ 0
     4                                  nl equ 10
     5                                  
     6                                  section .data
     7 00000000 68656C6C6F20776F72-     msg  db "hello world",nl,nil
     7 00000009 6C640A00           
     8                                  ; nl db 0xa ; new line
     9                                  
    10                                  section .bss
    11                                  
    12                                  section .text
    13                                  
    14                                  global main
    15                                  
    16                                  main:
    17                                  
    18                                  ; write stdout msg len(msg)
    19 00000000 B801000000              mov rax, 1 ; write
    20 00000005 BF01000000              mov rdi, 1 ; stdout
    21 0000000A 48BE-                   mov rsi, msg
    21 0000000C [0000000000000000] 
    22 00000014 BA0C000000              mov rdx, 12 ; len(msg)
    23 00000019 0F05                    syscall
    24                                  
    25                                  ; exit 0
    26 0000001B B83C000000              mov rax, 60 ; exit
    27 00000020 BF00000000              mov rdi, 0 ; exit code
    28 00000025 0F05                    syscall
    29                                  
    30 00000027 90                      nop
    31                                  
    32                                  ;main:
    33                                  
