     1                                  ;hello
     2                                  
     3                                  section .data
     4 00000000 68656C6C6F20776F72-     msg  db "hello world",0
     4 00000009 6C6400             
     5                                  
     6                                  section .bss
     7                                  
     8                                  section .text
     9                                  
    10                                  global main
    11                                  
    12                                  main:
    13                                  
    14                                  ; write stdout msg len(msg)
    15 00000000 B801000000              mov rax, 1 ; write
    16 00000005 BF01000000              mov rdi, 1 ; stdout
    17 0000000A 48BE-                   mov rsi, msg
    17 0000000C [0000000000000000] 
    18 00000014 BA0C000000              mov rdx, 12 ; len(msg)
    19 00000019 0F05                    syscall
    20                                  
    21                                  ; exit 0
    22 0000001B B83C000000              mov rax, 60 ; exit
    23 00000020 BF00000000              mov rdi, 0 ; exit code
    24 00000025 0F05                    syscall
    25                                  
    26 00000027 90                      nop
    27                                  
    28                                  ;main:
    29                                  
