     1                                  ; circle
     2                                  
     3                                  %include "../inc/common.inc"
     1                              <1> ; ################################
     2                              <1> ; n × {extern global}
     3                              <1> 
     4                              <1> %macro nextern 1-*
     5                              <1> %rep %0 
     6                              <1>     extern %1
     7                              <1> %rotate 1
     8                              <1> %endrep
     9                              <1> %endmacro
    10                              <1> 
    11                              <1> %macro nglob 1-*
    12                              <1> %rep %0 
    13                              <1>     global %1
    14                              <1> %rotate 1
    15                              <1> %endrep
    16                              <1> %endmacro
    17                              <1> 
    18                              <1> ;###########################################
    19                              <1> ; Constants, Essential macros
    20                              <1> 
    21                              <1> nil equ 0
    22                              <1> nl equ 10
    23                              <1> 
    24                              <1> %define NLL nl,nil
    25                              <1> 
    26                              <1> %macro PROLO 0
    27                              <1>     push rbp
    28                              <1>     mov rbp, rsp
    29                              <1> %endmacro
    30                              <1> 
    31                              <1> %macro EPILO 0
    32                              <1>     mov rsp, rbp
    33                              <1>     pop rbp
    34                              <1>     ret
    35                              <1> %endmacro
    36                              <1> 
    37                              <1> %macro MAIN_EPILO_EXIT0 0
    38                              <1>     mov rsp, rbp
    39                              <1>     pop rbp
    40                              <1>     mov rax, 60 ; exit
    41                              <1>     xor rdi, rdi ; exit code 0
    42                              <1>     syscall
    43                              <1> %endmacro
    44                              <1> 
    45                              <1> ; ######################
    46                              <1> ; PRINTF
    47                              <1> 
    48                              <1> extern printf
    49                              <1> 
    50                              <1> ; ############################
    51                              <1> ; Prints
    52                              <1> 
    53                              <1> ; print_string format 1x string
    54                              <1> %macro PR1 2
    55                              <1>     mov rdi, %1 ; fmt
    56                              <1>     mov rsi, %2 ; var1
    57                              <1>     xor rax, rax
    58                              <1>     call printf
    59                              <1> %endmacro
    60                              <1> 
    61                              <1> ; print_string_int format str1 num1
    62                              <1> %macro PR2 3
    63                              <1>     mov rdi, %1 ; fmt
    64                              <1>     mov rsi, %2 ; var1
    65                              <1>     mov rdx, %3 ; var2
    66                              <1>     xor rax, rax
    67                              <1>     call printf
    68                              <1> %endmacro
    69                              <1> 
    70                              <1> 
    71                              <1> ; #################################
    72                              <1> ; Floats
    73                              <1> 
    74                              <1> ; expecting xmm0..%2 with value(s)
    75                              <1> %macro PRFX 2
    76                              <1>     mov rdi, %1 ; fmt
    77                              <1>     mov rax, %2 ; x floats
    78                              <1>     call printf
    79                              <1> %endmacro
    80                              <1> 
    81                              <1> ; print_float format 1 x float
    82                              <1> %macro PRF1 2
    83                              <1>     movsd xmm0, %2
    84                              <1>     PRFX0 %1, 1
    85                              <1> %endmacro
    86                              <1> 
    87                              <1> ; print_float format 2 x floats
    88                              <1> ; expecting xmm0,1 with value
    89                              <1> %macro PRF2 3
    90                              <1>     movsd xmm0, %2 ; float 1
    91                              <1>     movsd xmm1, %3 ; float 2
    92                              <1>     PRFX %1, 2
    93                              <1> %endmacro
    94                              <1> 
     4                                  
     5                                  nextern pi
     5                              <1> %rep %0
     5                              <1>  extern %1
     5                              <1> %rotate 1
     5                              <1> %endrep
     5                              <2>  extern %1
     5                              <2> %rotate 1
     6                                  nglob c_area, c_circum
     6                              <1> %rep %0
     6                              <1>  global %1
     6                              <1> %rotate 1
     6                              <1> %endrep
     6                              <2>  global %1
     6                              <2> %rotate 1
     6                              <2>  global %1
     6                              <2> %rotate 1
     7                                  
     8                                  section .data
     9                                  section .bss
    10                                  section .text
    11                                  
    12                                  c_area:
    13                                  PROLO
    13 00000000 55                  <1>  push rbp
    13 00000001 4889E5              <1>  mov rbp, rsp
    14 00000004 F20F59C0                    mulsd xmm0, xmm0 ; r²
    15 00000008 F20F100C25-                 movsd xmm1, qword[pi] ; π
    15 0000000D [00000000]         
    16 00000011 F20F59C1                    mulsd xmm0, xmm1 ; r² × π
    17                                  EPILO
    17 00000015 4889EC              <1>  mov rsp, rbp
    17 00000018 5D                  <1>  pop rbp
    17 00000019 C3                  <1>  ret
    18                                  
    19                                  c_circum:
    20                                  PROLO
    20 0000001A 55                  <1>  push rbp
    20 0000001B 4889E5              <1>  mov rbp, rsp
    21 0000001E F20F58C0                    addsd xmm0, xmm0 ; r+r=d
    22 00000022 F20F100C25-                 movsd xmm1, qword[pi] ; π
    22 00000027 [00000000]         
    23 0000002B F20F59C1                    mulsd xmm0, xmm1 ; d × π
    24                                  EPILO
    24 0000002F 4889EC              <1>  mov rsp, rbp
    24 00000032 5D                  <1>  pop rbp
    24 00000033 C3                  <1>  ret
